This file contains any messages produced by compilers while
running configure, to aid debugging if configure makes a mistake.

It was created by FULL-PACKAGE-NAME configure VERSION, which was
generated by GNU Autoconf 2.69.  Invocation command line was

  $ ./configure 

## --------- ##
## Platform. ##
## --------- ##

hostname = bogon
uname -m = x86_64
uname -r = 15.0.0
uname -s = Darwin
uname -v = Darwin Kernel Version 15.0.0: Sat Sep 19 15:53:46 PDT 2015; root:xnu-3247.10.11~1/RELEASE_X86_64

/usr/bin/uname -p = i386
/bin/uname -X     = unknown

/bin/arch              = unknown
/usr/bin/arch -k       = unknown
/usr/convex/getsysinfo = unknown
/usr/bin/hostinfo      = Mach kernel version:
	 Darwin Kernel Version 15.0.0: Sat Sep 19 15:53:46 PDT 2015; root:xnu-3247.10.11~1/RELEASE_X86_64
Kernel configured for up to 4 processors.
2 processors are physically available.
4 processors are logically available.
Processor type: x86_64h (Intel x86-64h Haswell)
Processors active: 0 1 2 3
Primary memory available: 8.00 gigabytes
Default processor set: 283 tasks, 1970 threads, 4 processors
Load average: 2.98, Mach factor: 1.58
/bin/machine           = unknown
/usr/bin/oslevel       = unknown
/bin/universe          = unknown

PATH: /Users/didi/CRClientTools/arcanist/bin
PATH: /usr/local/opt/bison/bin
PATH: /Users/didi/java/gradle/bin
PATH: /usr/local/opt/php@7.0/bin
PATH: /Users/didi/goLang/bin
PATH: /Users/didi/.rvm/gems/ruby-2.4.0/bin
PATH: /Users/didi/.rvm/gems/ruby-2.4.0@global/bin
PATH: /Users/didi/.rvm/rubies/ruby-2.4.0/bin
PATH: /Users/didi/.rvm/bin
PATH: /Users/didi/blog/jekyll
PATH: /Users/didi/pear/bin
PATH:  /usr/local/Cellar/curl/7.55.1/bin
PATH: /Users/didi/pig/pig/bin
PATH: /Users/didi/hbase/hbase/bin
PATH: /usr/local/bin
PATH: /usr/bin
PATH: /bin
PATH: /usr/sbin
PATH: /sbin
PATH: /usr/local/go/bin
PATH: /usr/local/Cellar/gv/3.7.4
PATH: /Users/didi/goLang
PATH: /Users/didi/PhpstormProjects/go/bin
PATH: /usr/local/go/pkg/tool/darwin_amd64/
PATH: /usr/local/lib/python2.7/site-packages/
PATH: /Users/didi/jupyter/ticket/
PATH: /Users/didi/scala/bin
PATH: /Users/didi/spark/spark/bin
PATH: /Library/Internet Plug-Ins/JavaAppletPlugin.plugin/Contents/Home/bin
PATH: /Library/Java/JavaVirtualMachines/jdk1.8.0_144.jdk/Contents/Home//bin
PATH: /Users/didi/.composer/vendor/bin
PATH: /Users/didi/hadoop/hadoop/bin
PATH: /Users/didi/hadoop/hadoop/sbin
PATH: /Users/didi/hive/hive/bin
PATH: /Users/didi/hive/derby/bin
PATH: /Users/didi/maven/bin


## ----------- ##
## Core tests. ##
## ----------- ##

configure:2194: checking for gcc
configure:2210: found /usr/bin/gcc
configure:2221: result: gcc
configure:2450: checking for C compiler version
configure:2459: gcc --version >&5
Apple LLVM version 7.3.0 (clang-703.0.31)
Target: x86_64-apple-darwin15.0.0
Thread model: posix
InstalledDir: /Library/Developer/CommandLineTools/usr/bin
Configured with: --prefix=/Library/Developer/CommandLineTools/usr --with-gxx-include-dir=/usr/include/c++/4.2.1
configure:2470: $? = 0
configure:2459: gcc -v >&5
Configured with: --prefix=/Library/Developer/CommandLineTools/usr --with-gxx-include-dir=/usr/include/c++/4.2.1
Apple LLVM version 7.3.0 (clang-703.0.31)
Target: x86_64-apple-darwin15.0.0
Thread model: posix
InstalledDir: /Library/Developer/CommandLineTools/usr/bin
configure:2470: $? = 0
configure:2459: gcc -V >&5
clang: error: argument to '-V' is missing (expected 1 value)
clang: error: no input files
configure:2470: $? = 1
configure:2459: gcc -qversion >&5
clang: error: unknown argument: '-qversion'
clang: error: no input files
configure:2470: $? = 1
configure:2490: checking whether the C compiler works
configure:2512: gcc    conftest.c  >&5
configure:2516: $? = 0
configure:2564: result: yes
configure:2567: checking for C compiler default output file name
configure:2569: result: a.out
configure:2575: checking for suffix of executables
configure:2582: gcc -o conftest    conftest.c  >&5
configure:2586: $? = 0
configure:2608: result: 
configure:2630: checking whether we are cross compiling
configure:2638: gcc -o conftest    conftest.c  >&5
configure:2642: $? = 0
configure:2649: ./conftest
configure:2653: $? = 0
configure:2668: result: no
configure:2673: checking for suffix of object files
configure:2695: gcc -c   conftest.c >&5
configure:2699: $? = 0
configure:2720: result: o
configure:2724: checking whether we are using the GNU C compiler
configure:2743: gcc -c   conftest.c >&5
configure:2743: $? = 0
configure:2752: result: yes
configure:2761: checking whether gcc accepts -g
configure:2781: gcc -c -g  conftest.c >&5
configure:2781: $? = 0
configure:2822: result: yes
configure:2839: checking for gcc option to accept ISO C89
configure:2902: gcc  -c -g -O2  conftest.c >&5
configure:2902: $? = 0
configure:2915: result: none needed
configure:2945: checking how to run the C preprocessor
configure:2976: gcc -E  conftest.c
configure:2976: $? = 0
configure:2990: gcc -E  conftest.c
conftest.c:9:10: fatal error: 'ac_nonexistent.h' file not found
#include <ac_nonexistent.h>
         ^
1 error generated.
configure:2990: $? = 1
configure: failed program was:
| /* confdefs.h */
| #define PACKAGE_NAME "FULL-PACKAGE-NAME"
| #define PACKAGE_TARNAME "full-package-name"
| #define PACKAGE_VERSION "VERSION"
| #define PACKAGE_STRING "FULL-PACKAGE-NAME VERSION"
| #define PACKAGE_BUGREPORT "BUG-REPORT-ADDRESS"
| #define PACKAGE_URL ""
| /* end confdefs.h.  */
| #include <ac_nonexistent.h>
configure:3015: result: gcc -E
configure:3035: gcc -E  conftest.c
configure:3035: $? = 0
configure:3049: gcc -E  conftest.c
conftest.c:9:10: fatal error: 'ac_nonexistent.h' file not found
#include <ac_nonexistent.h>
         ^
1 error generated.
configure:3049: $? = 1
configure: failed program was:
| /* confdefs.h */
| #define PACKAGE_NAME "FULL-PACKAGE-NAME"
| #define PACKAGE_TARNAME "full-package-name"
| #define PACKAGE_VERSION "VERSION"
| #define PACKAGE_STRING "FULL-PACKAGE-NAME VERSION"
| #define PACKAGE_BUGREPORT "BUG-REPORT-ADDRESS"
| #define PACKAGE_URL ""
| /* end confdefs.h.  */
| #include <ac_nonexistent.h>
configure:3078: checking for grep that handles long lines and -e
configure:3136: result: /usr/bin/grep
configure:3141: checking for egrep
configure:3203: result: /usr/bin/grep -E
configure:3208: checking for ANSI C header files
configure:3228: gcc -c -g -O2  conftest.c >&5
configure:3228: $? = 0
configure:3301: gcc -o conftest -g -O2   conftest.c  >&5
configure:3301: $? = 0
configure:3301: ./conftest
configure:3301: $? = 0
configure:3312: result: yes
configure:3325: checking for sys/types.h
configure:3325: gcc -c -g -O2  conftest.c >&5
configure:3325: $? = 0
configure:3325: result: yes
configure:3325: checking for sys/stat.h
configure:3325: gcc -c -g -O2  conftest.c >&5
configure:3325: $? = 0
configure:3325: result: yes
configure:3325: checking for stdlib.h
configure:3325: gcc -c -g -O2  conftest.c >&5
configure:3325: $? = 0
configure:3325: result: yes
configure:3325: checking for string.h
configure:3325: gcc -c -g -O2  conftest.c >&5
configure:3325: $? = 0
configure:3325: result: yes
configure:3325: checking for memory.h
configure:3325: gcc -c -g -O2  conftest.c >&5
configure:3325: $? = 0
configure:3325: result: yes
configure:3325: checking for strings.h
configure:3325: gcc -c -g -O2  conftest.c >&5
configure:3325: $? = 0
configure:3325: result: yes
configure:3325: checking for inttypes.h
configure:3325: gcc -c -g -O2  conftest.c >&5
configure:3325: $? = 0
configure:3325: result: yes
configure:3325: checking for stdint.h
configure:3325: gcc -c -g -O2  conftest.c >&5
configure:3325: $? = 0
configure:3325: result: yes
configure:3325: checking for unistd.h
configure:3325: gcc -c -g -O2  conftest.c >&5
configure:3325: $? = 0
configure:3325: result: yes
configure:3340: checking arpa/inet.h usability
configure:3340: gcc -c -g -O2  conftest.c >&5
configure:3340: $? = 0
configure:3340: result: yes
configure:3340: checking arpa/inet.h presence
configure:3340: gcc -E  conftest.c
configure:3340: $? = 0
configure:3340: result: yes
configure:3340: checking for arpa/inet.h
configure:3340: result: yes
configure:3340: checking fcntl.h usability
configure:3340: gcc -c -g -O2  conftest.c >&5
configure:3340: $? = 0
configure:3340: result: yes
configure:3340: checking fcntl.h presence
configure:3340: gcc -E  conftest.c
configure:3340: $? = 0
configure:3340: result: yes
configure:3340: checking for fcntl.h
configure:3340: result: yes
configure:3340: checking netdb.h usability
configure:3340: gcc -c -g -O2  conftest.c >&5
configure:3340: $? = 0
configure:3340: result: yes
configure:3340: checking netdb.h presence
configure:3340: gcc -E  conftest.c
configure:3340: $? = 0
configure:3340: result: yes
configure:3340: checking for netdb.h
configure:3340: result: yes
configure:3340: checking netinet/in.h usability
configure:3340: gcc -c -g -O2  conftest.c >&5
configure:3340: $? = 0
configure:3340: result: yes
configure:3340: checking netinet/in.h presence
configure:3340: gcc -E  conftest.c
configure:3340: $? = 0
configure:3340: result: yes
configure:3340: checking for netinet/in.h
configure:3340: result: yes
configure:3340: checking stddef.h usability
configure:3340: gcc -c -g -O2  conftest.c >&5
configure:3340: $? = 0
configure:3340: result: yes
configure:3340: checking stddef.h presence
configure:3340: gcc -E  conftest.c
configure:3340: $? = 0
configure:3340: result: yes
configure:3340: checking for stddef.h
configure:3340: result: yes
configure:3340: checking for stdlib.h
configure:3340: result: yes
configure:3340: checking for string.h
configure:3340: result: yes
configure:3340: checking sys/ioctl.h usability
configure:3340: gcc -c -g -O2  conftest.c >&5
configure:3340: $? = 0
configure:3340: result: yes
configure:3340: checking sys/ioctl.h presence
configure:3340: gcc -E  conftest.c
configure:3340: $? = 0
configure:3340: result: yes
configure:3340: checking for sys/ioctl.h
configure:3340: result: yes
configure:3340: checking sys/socket.h usability
configure:3340: gcc -c -g -O2  conftest.c >&5
configure:3340: $? = 0
configure:3340: result: yes
configure:3340: checking sys/socket.h presence
configure:3340: gcc -E  conftest.c
configure:3340: $? = 0
configure:3340: result: yes
configure:3340: checking for sys/socket.h
configure:3340: result: yes
configure:3340: checking sys/time.h usability
configure:3340: gcc -c -g -O2  conftest.c >&5
configure:3340: $? = 0
configure:3340: result: yes
configure:3340: checking sys/time.h presence
configure:3340: gcc -E  conftest.c
configure:3340: $? = 0
configure:3340: result: yes
configure:3340: checking for sys/time.h
configure:3340: result: yes
configure:3340: checking for unistd.h
configure:3340: result: yes
configure:3352: checking for pid_t
configure:3352: gcc -c -g -O2  conftest.c >&5
configure:3352: $? = 0
configure:3352: gcc -c -g -O2  conftest.c >&5
conftest.c:66:20: error: expected expression
if (sizeof ((pid_t)))
                   ^
1 error generated.
configure:3352: $? = 1
configure: failed program was:
| /* confdefs.h */
| #define PACKAGE_NAME "FULL-PACKAGE-NAME"
| #define PACKAGE_TARNAME "full-package-name"
| #define PACKAGE_VERSION "VERSION"
| #define PACKAGE_STRING "FULL-PACKAGE-NAME VERSION"
| #define PACKAGE_BUGREPORT "BUG-REPORT-ADDRESS"
| #define PACKAGE_URL ""
| #define STDC_HEADERS 1
| #define HAVE_SYS_TYPES_H 1
| #define HAVE_SYS_STAT_H 1
| #define HAVE_STDLIB_H 1
| #define HAVE_STRING_H 1
| #define HAVE_MEMORY_H 1
| #define HAVE_STRINGS_H 1
| #define HAVE_INTTYPES_H 1
| #define HAVE_STDINT_H 1
| #define HAVE_UNISTD_H 1
| #define HAVE_ARPA_INET_H 1
| #define HAVE_FCNTL_H 1
| #define HAVE_NETDB_H 1
| #define HAVE_NETINET_IN_H 1
| #define HAVE_STDDEF_H 1
| #define HAVE_STDLIB_H 1
| #define HAVE_STRING_H 1
| #define HAVE_SYS_IOCTL_H 1
| #define HAVE_SYS_SOCKET_H 1
| #define HAVE_SYS_TIME_H 1
| #define HAVE_UNISTD_H 1
| /* end confdefs.h.  */
| #include <stdio.h>
| #ifdef HAVE_SYS_TYPES_H
| # include <sys/types.h>
| #endif
| #ifdef HAVE_SYS_STAT_H
| # include <sys/stat.h>
| #endif
| #ifdef STDC_HEADERS
| # include <stdlib.h>
| # include <stddef.h>
| #else
| # ifdef HAVE_STDLIB_H
| #  include <stdlib.h>
| # endif
| #endif
| #ifdef HAVE_STRING_H
| # if !defined STDC_HEADERS && defined HAVE_MEMORY_H
| #  include <memory.h>
| # endif
| # include <string.h>
| #endif
| #ifdef HAVE_STRINGS_H
| # include <strings.h>
| #endif
| #ifdef HAVE_INTTYPES_H
| # include <inttypes.h>
| #endif
| #ifdef HAVE_STDINT_H
| # include <stdint.h>
| #endif
| #ifdef HAVE_UNISTD_H
| # include <unistd.h>
| #endif
| int
| main ()
| {
| if (sizeof ((pid_t)))
| 	    return 0;
|   ;
|   return 0;
| }
configure:3352: result: yes
configure:3363: checking for size_t
configure:3363: gcc -c -g -O2  conftest.c >&5
configure:3363: $? = 0
configure:3363: gcc -c -g -O2  conftest.c >&5
conftest.c:66:21: error: expected expression
if (sizeof ((size_t)))
                    ^
1 error generated.
configure:3363: $? = 1
configure: failed program was:
| /* confdefs.h */
| #define PACKAGE_NAME "FULL-PACKAGE-NAME"
| #define PACKAGE_TARNAME "full-package-name"
| #define PACKAGE_VERSION "VERSION"
| #define PACKAGE_STRING "FULL-PACKAGE-NAME VERSION"
| #define PACKAGE_BUGREPORT "BUG-REPORT-ADDRESS"
| #define PACKAGE_URL ""
| #define STDC_HEADERS 1
| #define HAVE_SYS_TYPES_H 1
| #define HAVE_SYS_STAT_H 1
| #define HAVE_STDLIB_H 1
| #define HAVE_STRING_H 1
| #define HAVE_MEMORY_H 1
| #define HAVE_STRINGS_H 1
| #define HAVE_INTTYPES_H 1
| #define HAVE_STDINT_H 1
| #define HAVE_UNISTD_H 1
| #define HAVE_ARPA_INET_H 1
| #define HAVE_FCNTL_H 1
| #define HAVE_NETDB_H 1
| #define HAVE_NETINET_IN_H 1
| #define HAVE_STDDEF_H 1
| #define HAVE_STDLIB_H 1
| #define HAVE_STRING_H 1
| #define HAVE_SYS_IOCTL_H 1
| #define HAVE_SYS_SOCKET_H 1
| #define HAVE_SYS_TIME_H 1
| #define HAVE_UNISTD_H 1
| /* end confdefs.h.  */
| #include <stdio.h>
| #ifdef HAVE_SYS_TYPES_H
| # include <sys/types.h>
| #endif
| #ifdef HAVE_SYS_STAT_H
| # include <sys/stat.h>
| #endif
| #ifdef STDC_HEADERS
| # include <stdlib.h>
| # include <stddef.h>
| #else
| # ifdef HAVE_STDLIB_H
| #  include <stdlib.h>
| # endif
| #endif
| #ifdef HAVE_STRING_H
| # if !defined STDC_HEADERS && defined HAVE_MEMORY_H
| #  include <memory.h>
| # endif
| # include <string.h>
| #endif
| #ifdef HAVE_STRINGS_H
| # include <strings.h>
| #endif
| #ifdef HAVE_INTTYPES_H
| # include <inttypes.h>
| #endif
| #ifdef HAVE_STDINT_H
| # include <stdint.h>
| #endif
| #ifdef HAVE_UNISTD_H
| # include <unistd.h>
| #endif
| int
| main ()
| {
| if (sizeof ((size_t)))
| 	    return 0;
|   ;
|   return 0;
| }
configure:3363: result: yes
configure:3374: checking for ssize_t
configure:3374: gcc -c -g -O2  conftest.c >&5
configure:3374: $? = 0
configure:3374: gcc -c -g -O2  conftest.c >&5
conftest.c:66:22: error: expected expression
if (sizeof ((ssize_t)))
                     ^
1 error generated.
configure:3374: $? = 1
configure: failed program was:
| /* confdefs.h */
| #define PACKAGE_NAME "FULL-PACKAGE-NAME"
| #define PACKAGE_TARNAME "full-package-name"
| #define PACKAGE_VERSION "VERSION"
| #define PACKAGE_STRING "FULL-PACKAGE-NAME VERSION"
| #define PACKAGE_BUGREPORT "BUG-REPORT-ADDRESS"
| #define PACKAGE_URL ""
| #define STDC_HEADERS 1
| #define HAVE_SYS_TYPES_H 1
| #define HAVE_SYS_STAT_H 1
| #define HAVE_STDLIB_H 1
| #define HAVE_STRING_H 1
| #define HAVE_MEMORY_H 1
| #define HAVE_STRINGS_H 1
| #define HAVE_INTTYPES_H 1
| #define HAVE_STDINT_H 1
| #define HAVE_UNISTD_H 1
| #define HAVE_ARPA_INET_H 1
| #define HAVE_FCNTL_H 1
| #define HAVE_NETDB_H 1
| #define HAVE_NETINET_IN_H 1
| #define HAVE_STDDEF_H 1
| #define HAVE_STDLIB_H 1
| #define HAVE_STRING_H 1
| #define HAVE_SYS_IOCTL_H 1
| #define HAVE_SYS_SOCKET_H 1
| #define HAVE_SYS_TIME_H 1
| #define HAVE_UNISTD_H 1
| /* end confdefs.h.  */
| #include <stdio.h>
| #ifdef HAVE_SYS_TYPES_H
| # include <sys/types.h>
| #endif
| #ifdef HAVE_SYS_STAT_H
| # include <sys/stat.h>
| #endif
| #ifdef STDC_HEADERS
| # include <stdlib.h>
| # include <stddef.h>
| #else
| # ifdef HAVE_STDLIB_H
| #  include <stdlib.h>
| # endif
| #endif
| #ifdef HAVE_STRING_H
| # if !defined STDC_HEADERS && defined HAVE_MEMORY_H
| #  include <memory.h>
| # endif
| # include <string.h>
| #endif
| #ifdef HAVE_STRINGS_H
| # include <strings.h>
| #endif
| #ifdef HAVE_INTTYPES_H
| # include <inttypes.h>
| #endif
| #ifdef HAVE_STDINT_H
| # include <stdint.h>
| #endif
| #ifdef HAVE_UNISTD_H
| # include <unistd.h>
| #endif
| int
| main ()
| {
| if (sizeof ((ssize_t)))
| 	    return 0;
|   ;
|   return 0;
| }
configure:3374: result: yes
configure:3389: checking vfork.h usability
configure:3389: gcc -c -g -O2  conftest.c >&5
conftest.c:63:10: fatal error: 'vfork.h' file not found
#include <vfork.h>
         ^
1 error generated.
configure:3389: $? = 1
configure: failed program was:
| /* confdefs.h */
| #define PACKAGE_NAME "FULL-PACKAGE-NAME"
| #define PACKAGE_TARNAME "full-package-name"
| #define PACKAGE_VERSION "VERSION"
| #define PACKAGE_STRING "FULL-PACKAGE-NAME VERSION"
| #define PACKAGE_BUGREPORT "BUG-REPORT-ADDRESS"
| #define PACKAGE_URL ""
| #define STDC_HEADERS 1
| #define HAVE_SYS_TYPES_H 1
| #define HAVE_SYS_STAT_H 1
| #define HAVE_STDLIB_H 1
| #define HAVE_STRING_H 1
| #define HAVE_MEMORY_H 1
| #define HAVE_STRINGS_H 1
| #define HAVE_INTTYPES_H 1
| #define HAVE_STDINT_H 1
| #define HAVE_UNISTD_H 1
| #define HAVE_ARPA_INET_H 1
| #define HAVE_FCNTL_H 1
| #define HAVE_NETDB_H 1
| #define HAVE_NETINET_IN_H 1
| #define HAVE_STDDEF_H 1
| #define HAVE_STDLIB_H 1
| #define HAVE_STRING_H 1
| #define HAVE_SYS_IOCTL_H 1
| #define HAVE_SYS_SOCKET_H 1
| #define HAVE_SYS_TIME_H 1
| #define HAVE_UNISTD_H 1
| /* end confdefs.h.  */
| #include <stdio.h>
| #ifdef HAVE_SYS_TYPES_H
| # include <sys/types.h>
| #endif
| #ifdef HAVE_SYS_STAT_H
| # include <sys/stat.h>
| #endif
| #ifdef STDC_HEADERS
| # include <stdlib.h>
| # include <stddef.h>
| #else
| # ifdef HAVE_STDLIB_H
| #  include <stdlib.h>
| # endif
| #endif
| #ifdef HAVE_STRING_H
| # if !defined STDC_HEADERS && defined HAVE_MEMORY_H
| #  include <memory.h>
| # endif
| # include <string.h>
| #endif
| #ifdef HAVE_STRINGS_H
| # include <strings.h>
| #endif
| #ifdef HAVE_INTTYPES_H
| # include <inttypes.h>
| #endif
| #ifdef HAVE_STDINT_H
| # include <stdint.h>
| #endif
| #ifdef HAVE_UNISTD_H
| # include <unistd.h>
| #endif
| #include <vfork.h>
configure:3389: result: no
configure:3389: checking vfork.h presence
configure:3389: gcc -E  conftest.c
conftest.c:30:10: fatal error: 'vfork.h' file not found
#include <vfork.h>
         ^
1 error generated.
configure:3389: $? = 1
configure: failed program was:
| /* confdefs.h */
| #define PACKAGE_NAME "FULL-PACKAGE-NAME"
| #define PACKAGE_TARNAME "full-package-name"
| #define PACKAGE_VERSION "VERSION"
| #define PACKAGE_STRING "FULL-PACKAGE-NAME VERSION"
| #define PACKAGE_BUGREPORT "BUG-REPORT-ADDRESS"
| #define PACKAGE_URL ""
| #define STDC_HEADERS 1
| #define HAVE_SYS_TYPES_H 1
| #define HAVE_SYS_STAT_H 1
| #define HAVE_STDLIB_H 1
| #define HAVE_STRING_H 1
| #define HAVE_MEMORY_H 1
| #define HAVE_STRINGS_H 1
| #define HAVE_INTTYPES_H 1
| #define HAVE_STDINT_H 1
| #define HAVE_UNISTD_H 1
| #define HAVE_ARPA_INET_H 1
| #define HAVE_FCNTL_H 1
| #define HAVE_NETDB_H 1
| #define HAVE_NETINET_IN_H 1
| #define HAVE_STDDEF_H 1
| #define HAVE_STDLIB_H 1
| #define HAVE_STRING_H 1
| #define HAVE_SYS_IOCTL_H 1
| #define HAVE_SYS_SOCKET_H 1
| #define HAVE_SYS_TIME_H 1
| #define HAVE_UNISTD_H 1
| /* end confdefs.h.  */
| #include <vfork.h>
configure:3389: result: no
configure:3389: checking for vfork.h
configure:3389: result: no
configure:3402: checking for fork
configure:3402: gcc -o conftest -g -O2   conftest.c  >&5
configure:3402: $? = 0
configure:3402: result: yes
configure:3402: checking for vfork
configure:3402: gcc -o conftest -g -O2   conftest.c  >&5
conftest.c:54:6: warning: incompatible redeclaration of library function 'vfork' [-Wincompatible-library-redeclaration]
char vfork ();
     ^
conftest.c:54:6: note: 'vfork' is a builtin with type 'int (void)'
1 warning generated.
configure:3402: $? = 0
configure:3402: result: yes
configure:3412: checking for working fork
configure:3434: gcc -o conftest -g -O2   conftest.c  >&5
configure:3434: $? = 0
configure:3434: ./conftest
configure:3434: $? = 0
configure:3444: result: yes
configure:3465: checking for working vfork
configure:3575: result: yes
configure:3603: checking for bzero
configure:3603: gcc -o conftest -g -O2   conftest.c  >&5
conftest.c:57:6: warning: incompatible redeclaration of library function 'bzero' [-Wincompatible-library-redeclaration]
char bzero ();
     ^
conftest.c:57:6: note: 'bzero' is a builtin with type 'void (void *, unsigned long)'
1 warning generated.
configure:3603: $? = 0
configure:3603: result: yes
configure:3603: checking for inet_ntoa
configure:3603: gcc -o conftest -g -O2   conftest.c  >&5
configure:3603: $? = 0
configure:3603: result: yes
configure:3603: checking for memset
configure:3603: gcc -o conftest -g -O2   conftest.c  >&5
conftest.c:59:6: warning: incompatible redeclaration of library function 'memset' [-Wincompatible-library-redeclaration]
char memset ();
     ^
conftest.c:59:6: note: 'memset' is a builtin with type 'void *(void *, int, unsigned long)'
1 warning generated.
configure:3603: $? = 0
configure:3603: result: yes
configure:3603: checking for select
configure:3603: gcc -o conftest -g -O2   conftest.c  >&5
configure:3603: $? = 0
configure:3603: result: yes
configure:3603: checking for socket
configure:3603: gcc -o conftest -g -O2   conftest.c  >&5
configure:3603: $? = 0
configure:3603: result: yes
configure:3603: checking for strerror
configure:3603: gcc -o conftest -g -O2   conftest.c  >&5
conftest.c:62:6: warning: incompatible redeclaration of library function 'strerror' [-Wincompatible-library-redeclaration]
char strerror ();
     ^
conftest.c:62:6: note: 'strerror' is a builtin with type 'char *(int)'
1 warning generated.
configure:3603: $? = 0
configure:3603: result: yes
configure:3727: creating ./config.status

## ---------------------- ##
## Running config.status. ##
## ---------------------- ##

This file was extended by FULL-PACKAGE-NAME config.status VERSION, which was
generated by GNU Autoconf 2.69.  Invocation command line was

  CONFIG_FILES    = 
  CONFIG_HEADERS  = 
  CONFIG_LINKS    = 
  CONFIG_COMMANDS = 
  $ ./config.status 

on bogon

config.status:695: creating config.h

## ---------------- ##
## Cache variables. ##
## ---------------- ##

ac_cv_c_compiler_gnu=yes
ac_cv_env_CC_set=
ac_cv_env_CC_value=
ac_cv_env_CFLAGS_set=
ac_cv_env_CFLAGS_value=
ac_cv_env_CPPFLAGS_set=
ac_cv_env_CPPFLAGS_value=
ac_cv_env_CPP_set=
ac_cv_env_CPP_value=
ac_cv_env_LDFLAGS_set=
ac_cv_env_LDFLAGS_value=
ac_cv_env_LIBS_set=
ac_cv_env_LIBS_value=
ac_cv_env_build_alias_set=
ac_cv_env_build_alias_value=
ac_cv_env_host_alias_set=
ac_cv_env_host_alias_value=
ac_cv_env_target_alias_set=
ac_cv_env_target_alias_value=
ac_cv_func_bzero=yes
ac_cv_func_fork=yes
ac_cv_func_fork_works=yes
ac_cv_func_inet_ntoa=yes
ac_cv_func_memset=yes
ac_cv_func_select=yes
ac_cv_func_socket=yes
ac_cv_func_strerror=yes
ac_cv_func_vfork=yes
ac_cv_func_vfork_works=yes
ac_cv_header_arpa_inet_h=yes
ac_cv_header_fcntl_h=yes
ac_cv_header_inttypes_h=yes
ac_cv_header_memory_h=yes
ac_cv_header_netdb_h=yes
ac_cv_header_netinet_in_h=yes
ac_cv_header_stdc=yes
ac_cv_header_stddef_h=yes
ac_cv_header_stdint_h=yes
ac_cv_header_stdlib_h=yes
ac_cv_header_string_h=yes
ac_cv_header_strings_h=yes
ac_cv_header_sys_ioctl_h=yes
ac_cv_header_sys_socket_h=yes
ac_cv_header_sys_stat_h=yes
ac_cv_header_sys_time_h=yes
ac_cv_header_sys_types_h=yes
ac_cv_header_unistd_h=yes
ac_cv_header_vfork_h=no
ac_cv_objext=o
ac_cv_path_EGREP='/usr/bin/grep -E'
ac_cv_path_GREP=/usr/bin/grep
ac_cv_prog_CPP='gcc -E'
ac_cv_prog_ac_ct_CC=gcc
ac_cv_prog_cc_c89=
ac_cv_prog_cc_g=yes
ac_cv_type_pid_t=yes
ac_cv_type_size_t=yes
ac_cv_type_ssize_t=yes

## ----------------- ##
## Output variables. ##
## ----------------- ##

CC='gcc'
CFLAGS='-g -O2'
CPP='gcc -E'
CPPFLAGS=''
DEFS='-DHAVE_CONFIG_H'
ECHO_C='\c'
ECHO_N=''
ECHO_T=''
EGREP='/usr/bin/grep -E'
EXEEXT=''
GREP='/usr/bin/grep'
LDFLAGS=''
LIBOBJS=''
LIBS=''
LTLIBOBJS=''
OBJEXT='o'
PACKAGE_BUGREPORT='BUG-REPORT-ADDRESS'
PACKAGE_NAME='FULL-PACKAGE-NAME'
PACKAGE_STRING='FULL-PACKAGE-NAME VERSION'
PACKAGE_TARNAME='full-package-name'
PACKAGE_URL=''
PACKAGE_VERSION='VERSION'
PATH_SEPARATOR=':'
SHELL='/bin/sh'
ac_ct_CC='gcc'
bindir='${exec_prefix}/bin'
build_alias=''
datadir='${datarootdir}'
datarootdir='${prefix}/share'
docdir='${datarootdir}/doc/${PACKAGE_TARNAME}'
dvidir='${docdir}'
exec_prefix='${prefix}'
host_alias=''
htmldir='${docdir}'
includedir='${prefix}/include'
infodir='${datarootdir}/info'
libdir='${exec_prefix}/lib'
libexecdir='${exec_prefix}/libexec'
localedir='${datarootdir}/locale'
localstatedir='${prefix}/var'
mandir='${datarootdir}/man'
oldincludedir='/usr/include'
pdfdir='${docdir}'
prefix='/usr/local'
program_transform_name='s,x,x,'
psdir='${docdir}'
sbindir='${exec_prefix}/sbin'
sharedstatedir='${prefix}/com'
sysconfdir='${prefix}/etc'
target_alias=''

## ----------- ##
## confdefs.h. ##
## ----------- ##

/* confdefs.h */
#define PACKAGE_NAME "FULL-PACKAGE-NAME"
#define PACKAGE_TARNAME "full-package-name"
#define PACKAGE_VERSION "VERSION"
#define PACKAGE_STRING "FULL-PACKAGE-NAME VERSION"
#define PACKAGE_BUGREPORT "BUG-REPORT-ADDRESS"
#define PACKAGE_URL ""
#define STDC_HEADERS 1
#define HAVE_SYS_TYPES_H 1
#define HAVE_SYS_STAT_H 1
#define HAVE_STDLIB_H 1
#define HAVE_STRING_H 1
#define HAVE_MEMORY_H 1
#define HAVE_STRINGS_H 1
#define HAVE_INTTYPES_H 1
#define HAVE_STDINT_H 1
#define HAVE_UNISTD_H 1
#define HAVE_ARPA_INET_H 1
#define HAVE_FCNTL_H 1
#define HAVE_NETDB_H 1
#define HAVE_NETINET_IN_H 1
#define HAVE_STDDEF_H 1
#define HAVE_STDLIB_H 1
#define HAVE_STRING_H 1
#define HAVE_SYS_IOCTL_H 1
#define HAVE_SYS_SOCKET_H 1
#define HAVE_SYS_TIME_H 1
#define HAVE_UNISTD_H 1
#define HAVE_FORK 1
#define HAVE_VFORK 1
#define HAVE_WORKING_VFORK 1
#define HAVE_WORKING_FORK 1
#define HAVE_BZERO 1
#define HAVE_INET_NTOA 1
#define HAVE_MEMSET 1
#define HAVE_SELECT 1
#define HAVE_SOCKET 1
#define HAVE_STRERROR 1

configure: exit 0
